This is pdfTeX, Version 3.14159265-2.6-1.40.20 (TeX Live 2019/NixOS.org) (preloaded format=pdflatex 2020.11.20)  24 NOV 2020 12:42
entering extended mode
 restricted \write18 enabled.
 %&-line parsing enabled.
**/home/waifod/math/lectures/hct/ass3hct
(/home/waifod/math/lectures/hct/ass3hct.tex
LaTeX2e <2020-02-02> patch level 5
L3 programming layer <2020-02-25>
(/nix/store/inwrjgx8a0ms6cn7inncr1anjiz8i6i3-texlive-combined-full-2019/share/t
exmf/tex/latex/koma-script/scrartcl.cls
Document Class: scrartcl 2020/01/24 v3.29 KOMA-Script document class (article)

(/nix/store/inwrjgx8a0ms6cn7inncr1anjiz8i6i3-texlive-combined-full-2019/share/t
exmf/tex/latex/koma-script/scrkbase.sty
Package: scrkbase 2020/01/24 v3.29 KOMA-Script package (KOMA-Script-dependent b
asics and keyval usage)

(/nix/store/inwrjgx8a0ms6cn7inncr1anjiz8i6i3-texlive-combined-full-2019/share/t
exmf/tex/latex/koma-script/scrbase.sty
Package: scrbase 2020/01/24 v3.29 KOMA-Script package (KOMA-Script-independent 
basics and keyval usage)

(/nix/store/inwrjgx8a0ms6cn7inncr1anjiz8i6i3-texlive-combined-full-2019/share/t
exmf/tex/latex/graphics/keyval.sty
Package: keyval 2014/10/28 v1.15 key=value parser (DPC)
\KV@toks@=\toks15
)
(/nix/store/inwrjgx8a0ms6cn7inncr1anjiz8i6i3-texlive-combined-full-2019/share/t
exmf/tex/latex/koma-script/scrlfile.sty
Package: scrlfile 2020/01/24 v3.29 KOMA-Script package (loading files)
)))
(/nix/store/inwrjgx8a0ms6cn7inncr1anjiz8i6i3-texlive-combined-full-2019/share/t
exmf/tex/latex/koma-script/tocbasic.sty
Package: tocbasic 2020/01/24 v3.29 KOMA-Script package (handling toc-files)
\scr@dte@tocline@numberwidth=\skip47
\scr@dte@tocline@numbox=\box45
)
Package tocbasic Info: omitting babel extension for `toc'
(tocbasic)             because of feature `nobabel' available
(tocbasic)             for `toc' on input line 137.
Package scrartcl Info: You've used standard option `11pt'.
(scrartcl)             This is correct!
(scrartcl)             Internally I'm using `fontsize=11pt'.
(scrartcl)             If you'd like to set the option with \KOMAoptions,
(scrartcl)             you'd have to use `fontsize=11pt' there
(scrartcl)             instead of `11pt', too.
Class scrartcl Info: File `scrsize11pt.clo' used to setup font sizes on input l
ine 2212.

(/nix/store/inwrjgx8a0ms6cn7inncr1anjiz8i6i3-texlive-combined-full-2019/share/t
exmf/tex/latex/koma-script/scrsize11pt.clo
File: scrsize11pt.clo 2020/01/24 v3.29 KOMA-Script font size class option (11pt
)
)
(/nix/store/inwrjgx8a0ms6cn7inncr1anjiz8i6i3-texlive-combined-full-2019/share/t
exmf/tex/latex/koma-script/typearea.sty
Package: typearea 2020/01/24 v3.29 KOMA-Script package (type area)
\ta@bcor=\skip48
\ta@div=\count167
Package typearea Info: You've used standard option `a4paper'.
(typearea)             This is correct!
(typearea)             Internally I'm using `paper=a4'.
(typearea)             If you'd like to set the option with \KOMAoptions,
(typearea)             you'd have to use `paper=a4' there
(typearea)             instead of `a4paper', too.
\ta@hblk=\skip49
\ta@vblk=\skip50
\ta@temp=\skip51
\footheight=\skip52
Package typearea Info: These are the values describing the layout:
(typearea)             DIV  = 10
(typearea)             BCOR = 0.0pt
(typearea)             \paperwidth      = 597.50793pt
(typearea)              \textwidth      = 418.25555pt
(typearea)              DIV departure   = -6%
(typearea)              \evensidemargin = 17.3562pt
(typearea)              \oddsidemargin  = 17.3562pt
(typearea)             \paperheight     = 845.04694pt
(typearea)              \textheight     = 595.80026pt
(typearea)              \topmargin      = -25.16531pt
(typearea)              \headheight     = 17.0pt
(typearea)              \headsep        = 20.40001pt
(typearea)              \topskip        = 11.0pt
(typearea)              \footskip       = 47.6pt
(typearea)              \baselineskip   = 13.6pt
(typearea)              on input line 1719.
)
\c@part=\count168
\c@section=\count169
\c@subsection=\count170
\c@subsubsection=\count171
\c@paragraph=\count172
\c@subparagraph=\count173
\scr@dte@section@maxnumwidth=\skip53
Class scrartcl Info: using compatibility default `runin=bysign'
(scrartcl)           for `\section on input line 4723.
Class scrartcl Info: using compatibility default `afterindent=bysign'
(scrartcl)           for `\section on input line 4723.
\scr@dte@part@maxnumwidth=\skip54
Class scrartcl Info: using compatibility default `afterindent=false'
(scrartcl)           for `\part on input line 4731.
\scr@dte@subsection@maxnumwidth=\skip55
Class scrartcl Info: using compatibility default `runin=bysign'
(scrartcl)           for `\subsection on input line 4741.
Class scrartcl Info: using compatibility default `afterindent=bysign'
(scrartcl)           for `\subsection on input line 4741.
\scr@dte@subsubsection@maxnumwidth=\skip56
Class scrartcl Info: using compatibility default `runin=bysign'
(scrartcl)           for `\subsubsection on input line 4751.
Class scrartcl Info: using compatibility default `afterindent=bysign'
(scrartcl)           for `\subsubsection on input line 4751.
\scr@dte@paragraph@maxnumwidth=\skip57
Class scrartcl Info: using compatibility default `runin=bysign'
(scrartcl)           for `\paragraph on input line 4761.
Class scrartcl Info: using compatibility default `afterindent=bysign'
(scrartcl)           for `\paragraph on input line 4761.
\scr@dte@subparagraph@maxnumwidth=\skip58
Class scrartcl Info: using compatibility default `runin=bysign'
(scrartcl)           for `\subparagraph on input line 4771.
Class scrartcl Info: using compatibility default `afterindent=bysign'
(scrartcl)           for `\subparagraph on input line 4771.
\abovecaptionskip=\skip59
\belowcaptionskip=\skip60
\c@pti@nb@sid@b@x=\box46
Package tocbasic Info: omitting babel extension for `lof'
(tocbasic)             because of feature `nobabel' available
(tocbasic)             for `lof' on input line 6002.
\scr@dte@figure@maxnumwidth=\skip61
\c@figure=\count174
Package tocbasic Info: omitting babel extension for `lot'
(tocbasic)             because of feature `nobabel' available
(tocbasic)             for `lot' on input line 6014.
\scr@dte@table@maxnumwidth=\skip62
\c@table=\count175
Class scrartcl Info: Redefining `\numberline' on input line 6178.
\bibindent=\dimen134
)
(/home/waifod/math/lectures/hct/basic.sty
(/nix/store/inwrjgx8a0ms6cn7inncr1anjiz8i6i3-texlive-combined-full-2019/share/t
exmf/tex/latex/base/fontenc.sty
Package: fontenc 2020/02/11 v2.0o Standard LaTeX package
)
(/nix/store/inwrjgx8a0ms6cn7inncr1anjiz8i6i3-texlive-combined-full-2019/share/t
exmf/tex/latex/lm/lmodern.sty
Package: lmodern 2009/10/30 v1.6 Latin Modern Fonts
LaTeX Font Info:    Overwriting symbol font `operators' in version `normal'
(Font)                  OT1/cmr/m/n --> OT1/lmr/m/n on input line 22.
LaTeX Font Info:    Overwriting symbol font `letters' in version `normal'
(Font)                  OML/cmm/m/it --> OML/lmm/m/it on input line 23.
LaTeX Font Info:    Overwriting symbol font `symbols' in version `normal'
(Font)                  OMS/cmsy/m/n --> OMS/lmsy/m/n on input line 24.
LaTeX Font Info:    Overwriting symbol font `largesymbols' in version `normal'
(Font)                  OMX/cmex/m/n --> OMX/lmex/m/n on input line 25.
LaTeX Font Info:    Overwriting symbol font `operators' in version `bold'
(Font)                  OT1/cmr/bx/n --> OT1/lmr/bx/n on input line 26.
LaTeX Font Info:    Overwriting symbol font `letters' in version `bold'
(Font)                  OML/cmm/b/it --> OML/lmm/b/it on input line 27.
LaTeX Font Info:    Overwriting symbol font `symbols' in version `bold'
(Font)                  OMS/cmsy/b/n --> OMS/lmsy/b/n on input line 28.
LaTeX Font Info:    Overwriting symbol font `largesymbols' in version `bold'
(Font)                  OMX/cmex/m/n --> OMX/lmex/m/n on input line 29.
LaTeX Font Info:    Overwriting math alphabet `\mathbf' in version `normal'
(Font)                  OT1/cmr/bx/n --> OT1/lmr/bx/n on input line 31.
LaTeX Font Info:    Overwriting math alphabet `\mathsf' in version `normal'
(Font)                  OT1/cmss/m/n --> OT1/lmss/m/n on input line 32.
LaTeX Font Info:    Overwriting math alphabet `\mathit' in version `normal'
(Font)                  OT1/cmr/m/it --> OT1/lmr/m/it on input line 33.
LaTeX Font Info:    Overwriting math alphabet `\mathtt' in version `normal'
(Font)                  OT1/cmtt/m/n --> OT1/lmtt/m/n on input line 34.
LaTeX Font Info:    Overwriting math alphabet `\mathbf' in version `bold'
(Font)                  OT1/cmr/bx/n --> OT1/lmr/bx/n on input line 35.
LaTeX Font Info:    Overwriting math alphabet `\mathsf' in version `bold'
(Font)                  OT1/cmss/bx/n --> OT1/lmss/bx/n on input line 36.
LaTeX Font Info:    Overwriting math alphabet `\mathit' in version `bold'
(Font)                  OT1/cmr/bx/it --> OT1/lmr/bx/it on input line 37.
LaTeX Font Info:    Overwriting math alphabet `\mathtt' in version `bold'
(Font)                  OT1/cmtt/m/n --> OT1/lmtt/m/n on input line 38.
)
(/nix/store/inwrjgx8a0ms6cn7inncr1anjiz8i6i3-texlive-combined-full-2019/share/t
exmf/tex/latex/base/inputenc.sty
Package: inputenc 2018/08/11 v1.3c Input encoding file
\inpenc@prehook=\toks16
\inpenc@posthook=\toks17
)
(/nix/store/inwrjgx8a0ms6cn7inncr1anjiz8i6i3-texlive-combined-full-2019/share/t
exmf/tex/generic/babel/babel.sty
Package: babel 2020/02/28 3.41 The Babel package

(/nix/store/inwrjgx8a0ms6cn7inncr1anjiz8i6i3-texlive-combined-full-2019/share/t
exmf/tex/generic/babel/switch.def
File: switch.def 2020/02/28 3.41 Babel switching mechanism
)
(/nix/store/inwrjgx8a0ms6cn7inncr1anjiz8i6i3-texlive-combined-full-2019/share/t
exmf/tex/generic/babel-english/british.ldf
Language: british 2017/06/06 v3.3r English support from the babel system

(/nix/store/inwrjgx8a0ms6cn7inncr1anjiz8i6i3-texlive-combined-full-2019/share/t
exmf/tex/generic/babel-english/english.ldf
Language: english 2017/06/06 v3.3r English support from the babel system

(/nix/store/inwrjgx8a0ms6cn7inncr1anjiz8i6i3-texlive-combined-full-2019/share/t
exmf/tex/generic/babel/babel.def
File: babel.def 2020/02/28 3.41 Babel common definitions
\babel@savecnt=\count176
\U@D=\dimen135

(/nix/store/inwrjgx8a0ms6cn7inncr1anjiz8i6i3-texlive-combined-full-2019/share/t
exmf/tex/generic/babel/txtbabel.def)
\bbl@readstream=\read2
\bbl@dirlevel=\count177
)
Package babel Info: \l@canadian = using hyphenrules for english
(babel)             (\language0) on input line 102.
Package babel Info: \l@australian = using hyphenrules for ukenglish
(babel)             (\language21) on input line 105.
Package babel Info: \l@newzealand = using hyphenrules for ukenglish
(babel)             (\language21) on input line 108.
)))
(/nix/store/inwrjgx8a0ms6cn7inncr1anjiz8i6i3-texlive-combined-full-2019/share/t
exmf/tex/latex/graphics/graphicx.sty
Package: graphicx 2019/11/30 v1.2a Enhanced LaTeX Graphics (DPC,SPQR)

(/nix/store/inwrjgx8a0ms6cn7inncr1anjiz8i6i3-texlive-combined-full-2019/share/t
exmf/tex/latex/graphics/graphics.sty
Package: graphics 2019/11/30 v1.4a Standard LaTeX Graphics (DPC,SPQR)

(/nix/store/inwrjgx8a0ms6cn7inncr1anjiz8i6i3-texlive-combined-full-2019/share/t
exmf/tex/latex/graphics/trig.sty
Package: trig 2016/01/03 v1.10 sin cos tan (DPC)
)
(/nix/store/inwrjgx8a0ms6cn7inncr1anjiz8i6i3-texlive-combined-full-2019/share/t
exmf/tex/latex/graphics-cfg/graphics.cfg
File: graphics.cfg 2016/06/04 v1.11 sample graphics configuration
)
Package graphics Info: Driver file: pdftex.def on input line 105.

(/nix/store/inwrjgx8a0ms6cn7inncr1anjiz8i6i3-texlive-combined-full-2019/share/t
exmf/tex/latex/graphics-def/pdftex.def
File: pdftex.def 2018/01/08 v1.0l Graphics/color driver for pdftex
))
\Gin@req@height=\dimen136
\Gin@req@width=\dimen137
)
(/nix/store/inwrjgx8a0ms6cn7inncr1anjiz8i6i3-texlive-combined-full-2019/share/t
exmf/tex/latex/amsfonts/amssymb.sty
Package: amssymb 2013/01/14 v3.01 AMS font symbols

(/nix/store/inwrjgx8a0ms6cn7inncr1anjiz8i6i3-texlive-combined-full-2019/share/t
exmf/tex/latex/amsfonts/amsfonts.sty
Package: amsfonts 2013/01/14 v3.01 Basic AMSFonts support
\@emptytoks=\toks18
\symAMSa=\mathgroup4
\symAMSb=\mathgroup5
LaTeX Font Info:    Redeclaring math symbol \hbar on input line 98.
LaTeX Font Info:    Overwriting math alphabet `\mathfrak' in version `bold'
(Font)                  U/euf/m/n --> U/euf/b/n on input line 106.
))
(/nix/store/inwrjgx8a0ms6cn7inncr1anjiz8i6i3-texlive-combined-full-2019/share/t
exmf/tex/latex/amsmath/amsmath.sty
Package: amsmath 2020/01/20 v2.17e AMS math features
\@mathmargin=\skip63

For additional information on amsmath, use the `?' option.

(/nix/store/inwrjgx8a0ms6cn7inncr1anjiz8i6i3-texlive-combined-full-2019/share/t
exmf/tex/latex/amsmath/amstext.sty
Package: amstext 2000/06/29 v2.01 AMS text

(/nix/store/inwrjgx8a0ms6cn7inncr1anjiz8i6i3-texlive-combined-full-2019/share/t
exmf/tex/latex/amsmath/amsgen.sty
File: amsgen.sty 1999/11/30 v2.0 generic functions
\@emptytoks=\toks19
\ex@=\dimen138
))
(/nix/store/inwrjgx8a0ms6cn7inncr1anjiz8i6i3-texlive-combined-full-2019/share/t
exmf/tex/latex/amsmath/amsbsy.sty
Package: amsbsy 1999/11/29 v1.2d Bold Symbols
\pmbraise@=\dimen139
)
(/nix/store/inwrjgx8a0ms6cn7inncr1anjiz8i6i3-texlive-combined-full-2019/share/t
exmf/tex/latex/amsmath/amsopn.sty
Package: amsopn 2016/03/08 v2.02 operator names
)
\inf@bad=\count178
LaTeX Info: Redefining \frac on input line 227.
\uproot@=\count179
\leftroot@=\count180
LaTeX Info: Redefining \overline on input line 389.
\classnum@=\count181
\DOTSCASE@=\count182
LaTeX Info: Redefining \ldots on input line 486.
LaTeX Info: Redefining \dots on input line 489.
LaTeX Info: Redefining \cdots on input line 610.
\Mathstrutbox@=\box47
\strutbox@=\box48
\big@size=\dimen140
LaTeX Font Info:    Redeclaring font encoding OML on input line 733.
LaTeX Font Info:    Redeclaring font encoding OMS on input line 734.
\macc@depth=\count183
\c@MaxMatrixCols=\count184
\dotsspace@=\muskip16
\c@parentequation=\count185
\dspbrk@lvl=\count186
\tag@help=\toks20
\row@=\count187
\column@=\count188
\maxfields@=\count189
\andhelp@=\toks21
\eqnshift@=\dimen141
\alignsep@=\dimen142
\tagshift@=\dimen143
\tagwidth@=\dimen144
\totwidth@=\dimen145
\lineht@=\dimen146
\@envbody=\toks22
\multlinegap=\skip64
\multlinetaggap=\skip65
\mathdisplay@stack=\toks23
LaTeX Info: Redefining \[ on input line 2859.
LaTeX Info: Redefining \] on input line 2860.
)
(/nix/store/inwrjgx8a0ms6cn7inncr1anjiz8i6i3-texlive-combined-full-2019/share/t
exmf/tex/latex/stmaryrd/stmaryrd.sty
Package: stmaryrd 1994/03/03 St Mary's Road symbol package
\symstmry=\mathgroup6
LaTeX Font Info:    Overwriting symbol font `stmry' in version `bold'
(Font)                  U/stmry/m/n --> U/stmry/b/n on input line 89.
)
(/nix/store/inwrjgx8a0ms6cn7inncr1anjiz8i6i3-texlive-combined-full-2019/share/t
exmf/tex/latex/jknapltx/mathrsfs.sty
Package: mathrsfs 1996/01/01 Math RSFS package v1.0 (jk)
\symrsfs=\mathgroup7
)
(/nix/store/inwrjgx8a0ms6cn7inncr1anjiz8i6i3-texlive-combined-full-2019/share/t
exmf/tex/latex/amsfonts/eucal.sty
Package: eucal 2009/06/22 v3.00 Euler Script fonts
LaTeX Font Info:    Overwriting math alphabet `\EuScript' in version `bold'
(Font)                  U/eus/m/n --> U/eus/b/n on input line 33.
)
(/nix/store/inwrjgx8a0ms6cn7inncr1anjiz8i6i3-texlive-combined-full-2019/share/t
exmf/tex/latex/base/fontenc.sty
Package: fontenc 2020/02/11 v2.0o Standard LaTeX package
LaTeX Font Info:    Trying to load font information for T1+lmr on input line 11
2.

(/nix/store/inwrjgx8a0ms6cn7inncr1anjiz8i6i3-texlive-combined-full-2019/share/t
exmf/tex/latex/lm/t1lmr.fd
File: t1lmr.fd 2009/10/30 v1.6 Font defs for Latin Modern
))
(/nix/store/inwrjgx8a0ms6cn7inncr1anjiz8i6i3-texlive-combined-full-2019/share/t
exmf/tex/latex/mdframed/mdframed.sty
Package: mdframed 2013/07/01 1.9b: mdframed

(/nix/store/inwrjgx8a0ms6cn7inncr1anjiz8i6i3-texlive-combined-full-2019/share/t
exmf/tex/latex/kvoptions/kvoptions.sty
Package: kvoptions 2019/11/29 v3.13 Key value format for package options (HO)

(/nix/store/inwrjgx8a0ms6cn7inncr1anjiz8i6i3-texlive-combined-full-2019/share/t
exmf/tex/generic/ltxcmds/ltxcmds.sty
Package: ltxcmds 2019/12/15 v1.24 LaTeX kernel commands for general use (HO)
)
(/nix/store/inwrjgx8a0ms6cn7inncr1anjiz8i6i3-texlive-combined-full-2019/share/t
exmf/tex/generic/kvsetkeys/kvsetkeys.sty
Package: kvsetkeys 2019/12/15 v1.18 Key value parser (HO)
))
(/nix/store/inwrjgx8a0ms6cn7inncr1anjiz8i6i3-texlive-combined-full-2019/share/t
exmf/tex/latex/l3packages/xparse/xparse.sty
(/nix/store/inwrjgx8a0ms6cn7inncr1anjiz8i6i3-texlive-combined-full-2019/share/t
exmf/tex/latex/l3kernel/expl3.sty
Package: expl3 2020-02-25 L3 programming layer (loader) 

(/nix/store/inwrjgx8a0ms6cn7inncr1anjiz8i6i3-texlive-combined-full-2019/share/t
exmf/tex/latex/l3backend/l3backend-pdfmode.def
File: l3backend-pdfmode.def 2020-02-23 L3 backend support: PDF mode
\l__kernel_color_stack_int=\count190
\l__pdf_internal_box=\box49
))
Package: xparse 2020-02-25 L3 Experimental document command parser
\l__xparse_current_arg_int=\count191
\g__xparse_grabber_int=\count192
\l__xparse_m_args_int=\count193
\l__xparse_v_nesting_int=\count194
)
(/nix/store/inwrjgx8a0ms6cn7inncr1anjiz8i6i3-texlive-combined-full-2019/share/t
exmf/tex/latex/etoolbox/etoolbox.sty
Package: etoolbox 2019/09/21 v2.5h e-TeX tools for LaTeX (JAW)
\etb@tempcnta=\count195
)
(/nix/store/inwrjgx8a0ms6cn7inncr1anjiz8i6i3-texlive-combined-full-2019/share/t
exmf/tex/latex/zref/zref-abspage.sty
Package: zref-abspage 2019/11/29 v2.28 Module abspage for zref (HO)

(/nix/store/inwrjgx8a0ms6cn7inncr1anjiz8i6i3-texlive-combined-full-2019/share/t
exmf/tex/latex/zref/zref-base.sty
Package: zref-base 2019/11/29 v2.28 Module base for zref (HO)

(/nix/store/inwrjgx8a0ms6cn7inncr1anjiz8i6i3-texlive-combined-full-2019/share/t
exmf/tex/generic/infwarerr/infwarerr.sty
Package: infwarerr 2019/12/03 v1.5 Providing info/warning/error messages (HO)
)
(/nix/store/inwrjgx8a0ms6cn7inncr1anjiz8i6i3-texlive-combined-full-2019/share/t
exmf/tex/generic/kvdefinekeys/kvdefinekeys.sty
Package: kvdefinekeys 2019-12-19 v1.6 Define keys (HO)
)
(/nix/store/inwrjgx8a0ms6cn7inncr1anjiz8i6i3-texlive-combined-full-2019/share/t
exmf/tex/latex/pdftexcmds/pdftexcmds.sty
Package: pdftexcmds 2019/11/24 v0.31 Utility functions of pdfTeX for LuaTeX (HO
)

(/nix/store/inwrjgx8a0ms6cn7inncr1anjiz8i6i3-texlive-combined-full-2019/share/t
exmf/tex/generic/iftex/iftex.sty
Package: iftex 2019/11/07 v1.0c TeX engine tests
)
Package pdftexcmds Info: \pdf@primitive is available.
Package pdftexcmds Info: \pdf@ifprimitive is available.
Package pdftexcmds Info: \pdfdraftmode found.
)
(/nix/store/inwrjgx8a0ms6cn7inncr1anjiz8i6i3-texlive-combined-full-2019/share/t
exmf/tex/generic/etexcmds/etexcmds.sty
Package: etexcmds 2019/12/15 v1.7 Avoid name clashes with e-TeX commands (HO)
)
(/nix/store/inwrjgx8a0ms6cn7inncr1anjiz8i6i3-texlive-combined-full-2019/share/t
exmf/tex/latex/auxhook/auxhook.sty
Package: auxhook 2019-12-17 v1.6 Hooks for auxiliary files (HO)
)
Package zref Info: New property list: main on input line 763.
Package zref Info: New property: default on input line 764.
Package zref Info: New property: page on input line 765.
)
(/nix/store/inwrjgx8a0ms6cn7inncr1anjiz8i6i3-texlive-combined-full-2019/share/t
exmf/tex/generic/atbegshi/atbegshi.sty
Package: atbegshi 2019/12/05 v1.19 At begin shipout hook (HO)
)
\c@abspage=\count196
Package zref Info: New property: abspage on input line 66.
)
(/nix/store/inwrjgx8a0ms6cn7inncr1anjiz8i6i3-texlive-combined-full-2019/share/t
exmf/tex/latex/needspace/needspace.sty
Package: needspace 2010/09/12 v1.3d reserve vertical space
)
(/nix/store/inwrjgx8a0ms6cn7inncr1anjiz8i6i3-texlive-combined-full-2019/share/t
exmf/tex/latex/graphics/color.sty
Package: color 2019/11/23 v1.2a Standard LaTeX Color (DPC)

(/nix/store/inwrjgx8a0ms6cn7inncr1anjiz8i6i3-texlive-combined-full-2019/share/t
exmf/tex/latex/graphics-cfg/color.cfg
File: color.cfg 2016/01/02 v1.6 sample color configuration
)
Package color Info: Driver file: pdftex.def on input line 147.
)
\mdf@templength=\skip66
\c@mdf@globalstyle@cnt=\count197
\mdf@skipabove@length=\skip67
\mdf@skipbelow@length=\skip68
\mdf@leftmargin@length=\skip69
\mdf@rightmargin@length=\skip70
\mdf@innerleftmargin@length=\skip71
\mdf@innerrightmargin@length=\skip72
\mdf@innertopmargin@length=\skip73
\mdf@innerbottommargin@length=\skip74
\mdf@splittopskip@length=\skip75
\mdf@splitbottomskip@length=\skip76
\mdf@outermargin@length=\skip77
\mdf@innermargin@length=\skip78
\mdf@linewidth@length=\skip79
\mdf@innerlinewidth@length=\skip80
\mdf@middlelinewidth@length=\skip81
\mdf@outerlinewidth@length=\skip82
\mdf@roundcorner@length=\skip83
\mdf@footenotedistance@length=\skip84
\mdf@userdefinedwidth@length=\skip85
\mdf@needspace@length=\skip86
\mdf@frametitleaboveskip@length=\skip87
\mdf@frametitlebelowskip@length=\skip88
\mdf@frametitlerulewidth@length=\skip89
\mdf@frametitleleftmargin@length=\skip90
\mdf@frametitlerightmargin@length=\skip91
\mdf@shadowsize@length=\skip92
\mdf@extratopheight@length=\skip93
\mdf@subtitleabovelinewidth@length=\skip94
\mdf@subtitlebelowlinewidth@length=\skip95
\mdf@subtitleaboveskip@length=\skip96
\mdf@subtitlebelowskip@length=\skip97
\mdf@subtitleinneraboveskip@length=\skip98
\mdf@subtitleinnerbelowskip@length=\skip99
\mdf@subsubtitleabovelinewidth@length=\skip100
\mdf@subsubtitlebelowlinewidth@length=\skip101
\mdf@subsubtitleaboveskip@length=\skip102
\mdf@subsubtitlebelowskip@length=\skip103
\mdf@subsubtitleinneraboveskip@length=\skip104
\mdf@subsubtitleinnerbelowskip@length=\skip105

(/nix/store/inwrjgx8a0ms6cn7inncr1anjiz8i6i3-texlive-combined-full-2019/share/t
exmf/tex/latex/mdframed/md-frame-0.mdf
File: md-frame-0.mdf 2013/07/01\ 1.9b: md-frame-0
)
\mdf@frametitlebox=\box50
\mdf@footnotebox=\box51
\mdf@splitbox@one=\box52
\mdf@splitbox@two=\box53
\mdf@splitbox@save=\box54
\mdfsplitboxwidth=\skip106
\mdfsplitboxtotalwidth=\skip107
\mdfsplitboxheight=\skip108
\mdfsplitboxdepth=\skip109
\mdfsplitboxtotalheight=\skip110
\mdfframetitleboxwidth=\skip111
\mdfframetitleboxtotalwidth=\skip112
\mdfframetitleboxheight=\skip113
\mdfframetitleboxdepth=\skip114
\mdfframetitleboxtotalheight=\skip115
\mdffootnoteboxwidth=\skip116
\mdffootnoteboxtotalwidth=\skip117
\mdffootnoteboxheight=\skip118
\mdffootnoteboxdepth=\skip119
\mdffootnoteboxtotalheight=\skip120
\mdftotallinewidth=\skip121
\mdfboundingboxwidth=\skip122
\mdfboundingboxtotalwidth=\skip123
\mdfboundingboxheight=\skip124
\mdfboundingboxdepth=\skip125
\mdfboundingboxtotalheight=\skip126
\mdf@freevspace@length=\skip127
\mdf@horizontalwidthofbox@length=\skip128
\mdf@verticalmarginwhole@length=\skip129
\mdf@horizontalspaceofbox=\skip130
\mdfsubtitleheight=\skip131
\mdfsubsubtitleheight=\skip132
\c@mdfcountframes=\count198

****** mdframed patching \endmdf@trivlist

****** -- success******

\mdf@envdepth=\count199
\c@mdf@env@i=\count266
\c@mdf@env@ii=\count267
\c@mdf@zref@counter=\count268
Package zref Info: New property: mdf@pagevalue on input line 895.
)
(/nix/store/inwrjgx8a0ms6cn7inncr1anjiz8i6i3-texlive-combined-full-2019/share/t
exmf/tex/latex/amscls/amsthm.sty
Package: amsthm 2017/10/31 v2.20.4
\thm@style=\toks24
\thm@bodyfont=\toks25
\thm@headfont=\toks26
\thm@notefont=\toks27
\thm@headpunct=\toks28
\thm@preskip=\skip133
\thm@postskip=\skip134
\thm@headsep=\skip135
\dth@everypar=\toks29
)
(/nix/store/inwrjgx8a0ms6cn7inncr1anjiz8i6i3-texlive-combined-full-2019/share/t
exmf/tex/latex/xpatch/xpatch.sty
Package: xpatch 2012/10/02 v0.3 Extending etoolbox patching commands
)
Class scrartcl Info: amsthm's \deferred@thm@head patched.

(/nix/store/inwrjgx8a0ms6cn7inncr1anjiz8i6i3-texlive-combined-full-2019/share/t
exmf/tex/latex/amsmath/amscd.sty
Package: amscd 2017/04/14 v2.1 AMS Commutative Diagrams
\athelp@=\toks30
\minaw@=\dimen147
\bigaw@=\dimen148
\minCDarrowwidth=\dimen149
)
(/nix/store/inwrjgx8a0ms6cn7inncr1anjiz8i6i3-texlive-combined-full-2019/share/t
exmf/tex/latex/faktor/faktor.sty
Package: faktor 2006/04/05 v0.1b Faktor-Ringe, -Gruppen, -Raeume (PE)
\faktor@zaehlerhoehe=\skip136
\faktor@nennerhoehe=\skip137
)
(/nix/store/inwrjgx8a0ms6cn7inncr1anjiz8i6i3-texlive-combined-full-2019/share/t
exmf/tex/latex/mathtools/mathtools.sty
Package: mathtools 2020/01/17 v1.23 mathematical typesetting tools

(/nix/store/inwrjgx8a0ms6cn7inncr1anjiz8i6i3-texlive-combined-full-2019/share/t
exmf/tex/latex/tools/calc.sty
Package: calc 2017/05/25 v4.3 Infix arithmetic (KKT,FJ)
\calc@Acount=\count269
\calc@Bcount=\count270
\calc@Adimen=\dimen150
\calc@Bdimen=\dimen151
\calc@Askip=\skip138
\calc@Bskip=\skip139
LaTeX Info: Redefining \setlength on input line 80.
LaTeX Info: Redefining \addtolength on input line 81.
\calc@Ccount=\count271
\calc@Cskip=\skip140
)
(/nix/store/inwrjgx8a0ms6cn7inncr1anjiz8i6i3-texlive-combined-full-2019/share/t
exmf/tex/latex/mathtools/mhsetup.sty
Package: mhsetup 2017/03/31 v1.3 programming setup (MH)
)
LaTeX Info: Thecontrolsequence`\('isalreadyrobust on input line 129.
LaTeX Info: Thecontrolsequence`\)'isalreadyrobust on input line 129.
LaTeX Info: Thecontrolsequence`\['isalreadyrobust on input line 129.
LaTeX Info: Thecontrolsequence`\]'isalreadyrobust on input line 129.
\g_MT_multlinerow_int=\count272
\l_MT_multwidth_dim=\dimen152
\origjot=\skip141
\l_MT_shortvdotswithinadjustabove_dim=\dimen153
\l_MT_shortvdotswithinadjustbelow_dim=\dimen154
\l_MT_above_intertext_sep=\dimen155
\l_MT_below_intertext_sep=\dimen156
\l_MT_above_shortintertext_sep=\dimen157
\l_MT_below_shortintertext_sep=\dimen158
)
(/nix/store/inwrjgx8a0ms6cn7inncr1anjiz8i6i3-texlive-combined-full-2019/share/t
exmf/tex/latex/epigraph/epigraph.sty
Package: epigraph 2020/01/02 v1.5e typesetting epigraphs

(/nix/store/inwrjgx8a0ms6cn7inncr1anjiz8i6i3-texlive-combined-full-2019/share/t
exmf/tex/latex/nextpage/nextpage.sty
Package: nextpage 2009/09/03 v1.1a additional page commands
)
\beforeepigraphskip=\skip142
\afterepigraphskip=\skip143
\epigraphwidth=\skip144
\epigraphrule=\skip145
)
(/nix/store/inwrjgx8a0ms6cn7inncr1anjiz8i6i3-texlive-combined-full-2019/share/t
exmf/tex/latex/appendix/appendix.sty
Package: appendix 2020/02/08 v1.2c extra appendix facilities
\c@@pps=\count273
\c@@ppsavesec=\count274
\c@@ppsaveapp=\count275
)
(/nix/store/inwrjgx8a0ms6cn7inncr1anjiz8i6i3-texlive-combined-full-2019/share/t
exmf/tex/latex/oberdiek/centernot.sty
Package: centernot 2016/05/16 v1.4 Centers the not symbol horizontally (HO)
)
(/nix/store/inwrjgx8a0ms6cn7inncr1anjiz8i6i3-texlive-combined-full-2019/share/t
exmf/tex/latex/bbding/bbding.sty
Package: bbding 1999/04/15 v1.01 Dingbats symbols
)
(/nix/store/inwrjgx8a0ms6cn7inncr1anjiz8i6i3-texlive-combined-full-2019/share/t
exmf/tex/latex/tools/indentfirst.sty
Package: indentfirst 1995/11/23 v1.03 Indent first paragraph (DPC)
)
(/nix/store/inwrjgx8a0ms6cn7inncr1anjiz8i6i3-texlive-combined-full-2019/share/t
exmf/tex/latex/hyperref/hyperref.sty
Package: hyperref 2020/01/14 v7.00d Hypertext links for LaTeX

(/nix/store/inwrjgx8a0ms6cn7inncr1anjiz8i6i3-texlive-combined-full-2019/share/t
exmf/tex/generic/pdfescape/pdfescape.sty
Package: pdfescape 2019/12/09 v1.15 Implements pdfTeX's escape features (HO)
)
(/nix/store/inwrjgx8a0ms6cn7inncr1anjiz8i6i3-texlive-combined-full-2019/share/t
exmf/tex/latex/hycolor/hycolor.sty
Package: hycolor 2020-01-27 v1.10 Color options for hyperref/bookmark (HO)
)
(/nix/store/inwrjgx8a0ms6cn7inncr1anjiz8i6i3-texlive-combined-full-2019/share/t
exmf/tex/latex/letltxmacro/letltxmacro.sty
Package: letltxmacro 2019/12/03 v1.6 Let assignment for LaTeX macros (HO)
)
\@linkdim=\dimen159
\Hy@linkcounter=\count276
\Hy@pagecounter=\count277

(/nix/store/inwrjgx8a0ms6cn7inncr1anjiz8i6i3-texlive-combined-full-2019/share/t
exmf/tex/latex/hyperref/pd1enc.def
File: pd1enc.def 2020/01/14 v7.00d Hyperref: PDFDocEncoding definition (HO)
Now handling font encoding PD1 ...
... no UTF-8 mapping file for font encoding PD1
)
(/nix/store/inwrjgx8a0ms6cn7inncr1anjiz8i6i3-texlive-combined-full-2019/share/t
exmf/tex/generic/intcalc/intcalc.sty
Package: intcalc 2019/12/15 v1.3 Expandable calculations with integers (HO)
)
\Hy@SavedSpaceFactor=\count278
\pdfmajorversion=\count279
Package hyperref Info: Hyper figures OFF on input line 4547.
Package hyperref Info: Link nesting OFF on input line 4552.
Package hyperref Info: Hyper index ON on input line 4555.
Package hyperref Info: Plain pages OFF on input line 4562.
Package hyperref Info: Backreferencing OFF on input line 4567.
Package hyperref Info: Implicit mode ON; LaTeX internals redefined.
Package hyperref Info: Bookmarks ON on input line 4800.
\c@Hy@tempcnt=\count280

(/nix/store/inwrjgx8a0ms6cn7inncr1anjiz8i6i3-texlive-combined-full-2019/share/t
exmf/tex/latex/url/url.sty
\Urlmuskip=\muskip17
Package: url 2013/09/16  ver 3.4  Verb mode for urls, etc.
)
LaTeX Info: Redefining \url on input line 5159.
\XeTeXLinkMargin=\dimen160

(/nix/store/inwrjgx8a0ms6cn7inncr1anjiz8i6i3-texlive-combined-full-2019/share/t
exmf/tex/generic/bitset/bitset.sty
Package: bitset 2019/12/09 v1.3 Handle bit-vector datatype (HO)

(/nix/store/inwrjgx8a0ms6cn7inncr1anjiz8i6i3-texlive-combined-full-2019/share/t
exmf/tex/generic/bigintcalc/bigintcalc.sty
Package: bigintcalc 2019/12/15 v1.5 Expandable calculations on big integers (HO
)
))
\Fld@menulength=\count281
\Field@Width=\dimen161
\Fld@charsize=\dimen162
Package hyperref Info: Hyper figures OFF on input line 6430.
Package hyperref Info: Link nesting OFF on input line 6435.
Package hyperref Info: Hyper index ON on input line 6438.
Package hyperref Info: backreferencing OFF on input line 6445.
Package hyperref Info: Link coloring OFF on input line 6450.
Package hyperref Info: Link coloring with OCG OFF on input line 6455.
Package hyperref Info: PDF/A mode OFF on input line 6460.
LaTeX Info: Redefining \ref on input line 6500.
LaTeX Info: Redefining \pageref on input line 6504.
\Hy@abspage=\count282
\c@Item=\count283
\c@Hfootnote=\count284
)
Package hyperref Info: Driver (autodetected): hpdftex.

(/nix/store/inwrjgx8a0ms6cn7inncr1anjiz8i6i3-texlive-combined-full-2019/share/t
exmf/tex/latex/hyperref/hpdftex.def
File: hpdftex.def 2020/01/14 v7.00d Hyperref driver for pdfTeX

(/nix/store/inwrjgx8a0ms6cn7inncr1anjiz8i6i3-texlive-combined-full-2019/share/t
exmf/tex/latex/atveryend/atveryend.sty
Package: atveryend 2019-12-11 v1.11 Hooks at the very end of document (HO)
)
\HyAnn@Count=\count285
\Fld@listcount=\count286
\c@bookmark@seq@number=\count287

(/nix/store/inwrjgx8a0ms6cn7inncr1anjiz8i6i3-texlive-combined-full-2019/share/t
exmf/tex/latex/rerunfilecheck/rerunfilecheck.sty
Package: rerunfilecheck 2019/12/05 v1.9 Rerun checks for auxiliary files (HO)

(/nix/store/inwrjgx8a0ms6cn7inncr1anjiz8i6i3-texlive-combined-full-2019/share/t
exmf/tex/generic/uniquecounter/uniquecounter.sty
Package: uniquecounter 2019/12/15 v1.4 Provide unlimited unique counter (HO)
)
Package uniquecounter Info: New unique counter `rerunfilecheck' on input line 2
86.
)
\Hy@SectionHShift=\skip146
)
(/nix/store/inwrjgx8a0ms6cn7inncr1anjiz8i6i3-texlive-combined-full-2019/share/t
exmf/tex/latex/tools/xspace.sty
Package: xspace 2014/10/28 v1.13 Space after command names (DPC,MH)
)
(/nix/store/inwrjgx8a0ms6cn7inncr1anjiz8i6i3-texlive-combined-full-2019/share/t
exmf/tex/latex/enumitem/enumitem.sty
Package: enumitem 2019/06/20 v3.9 Customized lists
\labelindent=\skip147
\enit@outerparindent=\dimen163
\enit@toks=\toks31
\enit@inbox=\box55
\enit@count@id=\count288
\enitdp@description=\count289
)
(/nix/store/inwrjgx8a0ms6cn7inncr1anjiz8i6i3-texlive-combined-full-2019/share/t
exmf/tex/latex/pgf/frontendlayer/tikz.sty
(/nix/store/inwrjgx8a0ms6cn7inncr1anjiz8i6i3-texlive-combined-full-2019/share/t
exmf/tex/latex/pgf/basiclayer/pgf.sty
(/nix/store/inwrjgx8a0ms6cn7inncr1anjiz8i6i3-texlive-combined-full-2019/share/t
exmf/tex/latex/pgf/utilities/pgfrcs.sty
(/nix/store/inwrjgx8a0ms6cn7inncr1anjiz8i6i3-texlive-combined-full-2019/share/t
exmf/tex/generic/pgf/utilities/pgfutil-common.tex
\pgfutil@everybye=\toks32
\pgfutil@tempdima=\dimen164
\pgfutil@tempdimb=\dimen165

(/nix/store/inwrjgx8a0ms6cn7inncr1anjiz8i6i3-texlive-combined-full-2019/share/t
exmf/tex/generic/pgf/utilities/pgfutil-common-lists.tex))
(/nix/store/inwrjgx8a0ms6cn7inncr1anjiz8i6i3-texlive-combined-full-2019/share/t
exmf/tex/generic/pgf/utilities/pgfutil-latex.def
\pgfutil@abb=\box56

(/nix/store/inwrjgx8a0ms6cn7inncr1anjiz8i6i3-texlive-combined-full-2019/share/t
exmf/tex/latex/ms/everyshi.sty
Package: everyshi 2001/05/15 v3.00 EveryShipout Package (MS)
))
(/nix/store/inwrjgx8a0ms6cn7inncr1anjiz8i6i3-texlive-combined-full-2019/share/t
exmf/tex/generic/pgf/utilities/pgfrcs.code.tex
(/nix/store/inwrjgx8a0ms6cn7inncr1anjiz8i6i3-texlive-combined-full-2019/share/t
exmf/tex/generic/pgf/pgf.revision.tex)
Package: pgfrcs 2020/01/08 v3.1.5b (3.1.5b)
))
Package: pgf 2020/01/08 v3.1.5b (3.1.5b)

(/nix/store/inwrjgx8a0ms6cn7inncr1anjiz8i6i3-texlive-combined-full-2019/share/t
exmf/tex/latex/pgf/basiclayer/pgfcore.sty
(/nix/store/inwrjgx8a0ms6cn7inncr1anjiz8i6i3-texlive-combined-full-2019/share/t
exmf/tex/latex/pgf/systemlayer/pgfsys.sty
(/nix/store/inwrjgx8a0ms6cn7inncr1anjiz8i6i3-texlive-combined-full-2019/share/t
exmf/tex/generic/pgf/systemlayer/pgfsys.code.tex
Package: pgfsys 2020/01/08 v3.1.5b (3.1.5b)

(/nix/store/inwrjgx8a0ms6cn7inncr1anjiz8i6i3-texlive-combined-full-2019/share/t
exmf/tex/generic/pgf/utilities/pgfkeys.code.tex
\pgfkeys@pathtoks=\toks33
\pgfkeys@temptoks=\toks34

(/nix/store/inwrjgx8a0ms6cn7inncr1anjiz8i6i3-texlive-combined-full-2019/share/t
exmf/tex/generic/pgf/utilities/pgfkeysfiltered.code.tex
\pgfkeys@tmptoks=\toks35
))
\pgf@x=\dimen166
\pgf@y=\dimen167
\pgf@xa=\dimen168
\pgf@ya=\dimen169
\pgf@xb=\dimen170
\pgf@yb=\dimen171
\pgf@xc=\dimen172
\pgf@yc=\dimen173
\pgf@xd=\dimen174
\pgf@yd=\dimen175
\w@pgf@writea=\write3
\r@pgf@reada=\read3
\c@pgf@counta=\count290
\c@pgf@countb=\count291
\c@pgf@countc=\count292
\c@pgf@countd=\count293
\t@pgf@toka=\toks36
\t@pgf@tokb=\toks37
\t@pgf@tokc=\toks38
\pgf@sys@id@count=\count294

(/nix/store/inwrjgx8a0ms6cn7inncr1anjiz8i6i3-texlive-combined-full-2019/share/t
exmf/tex/generic/pgf/systemlayer/pgf.cfg
File: pgf.cfg 2020/01/08 v3.1.5b (3.1.5b)
)
Driver file for pgf: pgfsys-pdftex.def

(/nix/store/inwrjgx8a0ms6cn7inncr1anjiz8i6i3-texlive-combined-full-2019/share/t
exmf/tex/generic/pgf/systemlayer/pgfsys-pdftex.def
File: pgfsys-pdftex.def 2020/01/08 v3.1.5b (3.1.5b)

(/nix/store/inwrjgx8a0ms6cn7inncr1anjiz8i6i3-texlive-combined-full-2019/share/t
exmf/tex/generic/pgf/systemlayer/pgfsys-common-pdf.def
File: pgfsys-common-pdf.def 2020/01/08 v3.1.5b (3.1.5b)
)))
(/nix/store/inwrjgx8a0ms6cn7inncr1anjiz8i6i3-texlive-combined-full-2019/share/t
exmf/tex/generic/pgf/systemlayer/pgfsyssoftpath.code.tex
File: pgfsyssoftpath.code.tex 2020/01/08 v3.1.5b (3.1.5b)
\pgfsyssoftpath@smallbuffer@items=\count295
\pgfsyssoftpath@bigbuffer@items=\count296
)
(/nix/store/inwrjgx8a0ms6cn7inncr1anjiz8i6i3-texlive-combined-full-2019/share/t
exmf/tex/generic/pgf/systemlayer/pgfsysprotocol.code.tex
File: pgfsysprotocol.code.tex 2020/01/08 v3.1.5b (3.1.5b)
))
(/nix/store/inwrjgx8a0ms6cn7inncr1anjiz8i6i3-texlive-combined-full-2019/share/t
exmf/tex/latex/xcolor/xcolor.sty
Package: xcolor 2016/05/11 v2.12 LaTeX color extensions (UK)

(/nix/store/inwrjgx8a0ms6cn7inncr1anjiz8i6i3-texlive-combined-full-2019/share/t
exmf/tex/latex/graphics-cfg/color.cfg
File: color.cfg 2016/01/02 v1.6 sample color configuration
)
Package xcolor Info: Driver file: pdftex.def on input line 225.
LaTeX Info: Redefining \color on input line 709.
Package xcolor Info: Model `cmy' substituted by `cmy0' on input line 1348.
Package xcolor Info: Model `hsb' substituted by `rgb' on input line 1352.
Package xcolor Info: Model `RGB' extended on input line 1364.
Package xcolor Info: Model `HTML' substituted by `rgb' on input line 1366.
Package xcolor Info: Model `Hsb' substituted by `hsb' on input line 1367.
Package xcolor Info: Model `tHsb' substituted by `hsb' on input line 1368.
Package xcolor Info: Model `HSB' substituted by `hsb' on input line 1369.
Package xcolor Info: Model `Gray' substituted by `gray' on input line 1370.
Package xcolor Info: Model `wave' substituted by `hsb' on input line 1371.
)
(/nix/store/inwrjgx8a0ms6cn7inncr1anjiz8i6i3-texlive-combined-full-2019/share/t
exmf/tex/generic/pgf/basiclayer/pgfcore.code.tex
Package: pgfcore 2020/01/08 v3.1.5b (3.1.5b)

(/nix/store/inwrjgx8a0ms6cn7inncr1anjiz8i6i3-texlive-combined-full-2019/share/t
exmf/tex/generic/pgf/math/pgfmath.code.tex
(/nix/store/inwrjgx8a0ms6cn7inncr1anjiz8i6i3-texlive-combined-full-2019/share/t
exmf/tex/generic/pgf/math/pgfmathcalc.code.tex
(/nix/store/inwrjgx8a0ms6cn7inncr1anjiz8i6i3-texlive-combined-full-2019/share/t
exmf/tex/generic/pgf/math/pgfmathutil.code.tex)
(/nix/store/inwrjgx8a0ms6cn7inncr1anjiz8i6i3-texlive-combined-full-2019/share/t
exmf/tex/generic/pgf/math/pgfmathparser.code.tex
\pgfmath@dimen=\dimen176
\pgfmath@count=\count297
\pgfmath@box=\box57
\pgfmath@toks=\toks39
\pgfmath@stack@operand=\toks40
\pgfmath@stack@operation=\toks41
)
(/nix/store/inwrjgx8a0ms6cn7inncr1anjiz8i6i3-texlive-combined-full-2019/share/t
exmf/tex/generic/pgf/math/pgfmathfunctions.code.tex
(/nix/store/inwrjgx8a0ms6cn7inncr1anjiz8i6i3-texlive-combined-full-2019/share/t
exmf/tex/generic/pgf/math/pgfmathfunctions.basic.code.tex)
(/nix/store/inwrjgx8a0ms6cn7inncr1anjiz8i6i3-texlive-combined-full-2019/share/t
exmf/tex/generic/pgf/math/pgfmathfunctions.trigonometric.code.tex)
(/nix/store/inwrjgx8a0ms6cn7inncr1anjiz8i6i3-texlive-combined-full-2019/share/t
exmf/tex/generic/pgf/math/pgfmathfunctions.random.code.tex)
(/nix/store/inwrjgx8a0ms6cn7inncr1anjiz8i6i3-texlive-combined-full-2019/share/t
exmf/tex/generic/pgf/math/pgfmathfunctions.comparison.code.tex)
(/nix/store/inwrjgx8a0ms6cn7inncr1anjiz8i6i3-texlive-combined-full-2019/share/t
exmf/tex/generic/pgf/math/pgfmathfunctions.base.code.tex)
(/nix/store/inwrjgx8a0ms6cn7inncr1anjiz8i6i3-texlive-combined-full-2019/share/t
exmf/tex/generic/pgf/math/pgfmathfunctions.round.code.tex)
(/nix/store/inwrjgx8a0ms6cn7inncr1anjiz8i6i3-texlive-combined-full-2019/share/t
exmf/tex/generic/pgf/math/pgfmathfunctions.misc.code.tex)
(/nix/store/inwrjgx8a0ms6cn7inncr1anjiz8i6i3-texlive-combined-full-2019/share/t
exmf/tex/generic/pgf/math/pgfmathfunctions.integerarithmetics.code.tex)))
(/nix/store/inwrjgx8a0ms6cn7inncr1anjiz8i6i3-texlive-combined-full-2019/share/t
exmf/tex/generic/pgf/math/pgfmathfloat.code.tex
\c@pgfmathroundto@lastzeros=\count298
))
(/nix/store/inwrjgx8a0ms6cn7inncr1anjiz8i6i3-texlive-combined-full-2019/share/t
exmf/tex/generic/pgf/math/pgfint.code.tex)
(/nix/store/inwrjgx8a0ms6cn7inncr1anjiz8i6i3-texlive-combined-full-2019/share/t
exmf/tex/generic/pgf/basiclayer/pgfcorepoints.code.tex
File: pgfcorepoints.code.tex 2020/01/08 v3.1.5b (3.1.5b)
\pgf@picminx=\dimen177
\pgf@picmaxx=\dimen178
\pgf@picminy=\dimen179
\pgf@picmaxy=\dimen180
\pgf@pathminx=\dimen181
\pgf@pathmaxx=\dimen182
\pgf@pathminy=\dimen183
\pgf@pathmaxy=\dimen184
\pgf@xx=\dimen185
\pgf@xy=\dimen186
\pgf@yx=\dimen187
\pgf@yy=\dimen188
\pgf@zx=\dimen189
\pgf@zy=\dimen190
)
(/nix/store/inwrjgx8a0ms6cn7inncr1anjiz8i6i3-texlive-combined-full-2019/share/t
exmf/tex/generic/pgf/basiclayer/pgfcorepathconstruct.code.tex
File: pgfcorepathconstruct.code.tex 2020/01/08 v3.1.5b (3.1.5b)
\pgf@path@lastx=\dimen191
\pgf@path@lasty=\dimen192
)
(/nix/store/inwrjgx8a0ms6cn7inncr1anjiz8i6i3-texlive-combined-full-2019/share/t
exmf/tex/generic/pgf/basiclayer/pgfcorepathusage.code.tex
File: pgfcorepathusage.code.tex 2020/01/08 v3.1.5b (3.1.5b)
\pgf@shorten@end@additional=\dimen193
\pgf@shorten@start@additional=\dimen194
)
(/nix/store/inwrjgx8a0ms6cn7inncr1anjiz8i6i3-texlive-combined-full-2019/share/t
exmf/tex/generic/pgf/basiclayer/pgfcorescopes.code.tex
File: pgfcorescopes.code.tex 2020/01/08 v3.1.5b (3.1.5b)
\pgfpic=\box58
\pgf@hbox=\box59
\pgf@layerbox@main=\box60
\pgf@picture@serial@count=\count299
)
(/nix/store/inwrjgx8a0ms6cn7inncr1anjiz8i6i3-texlive-combined-full-2019/share/t
exmf/tex/generic/pgf/basiclayer/pgfcoregraphicstate.code.tex
File: pgfcoregraphicstate.code.tex 2020/01/08 v3.1.5b (3.1.5b)
\pgflinewidth=\dimen195
)
(/nix/store/inwrjgx8a0ms6cn7inncr1anjiz8i6i3-texlive-combined-full-2019/share/t
exmf/tex/generic/pgf/basiclayer/pgfcoretransformations.code.tex
File: pgfcoretransformations.code.tex 2020/01/08 v3.1.5b (3.1.5b)
\pgf@pt@x=\dimen196
\pgf@pt@y=\dimen197
\pgf@pt@temp=\dimen198
)
(/nix/store/inwrjgx8a0ms6cn7inncr1anjiz8i6i3-texlive-combined-full-2019/share/t
exmf/tex/generic/pgf/basiclayer/pgfcorequick.code.tex
File: pgfcorequick.code.tex 2020/01/08 v3.1.5b (3.1.5b)
)
(/nix/store/inwrjgx8a0ms6cn7inncr1anjiz8i6i3-texlive-combined-full-2019/share/t
exmf/tex/generic/pgf/basiclayer/pgfcoreobjects.code.tex
File: pgfcoreobjects.code.tex 2020/01/08 v3.1.5b (3.1.5b)
)
(/nix/store/inwrjgx8a0ms6cn7inncr1anjiz8i6i3-texlive-combined-full-2019/share/t
exmf/tex/generic/pgf/basiclayer/pgfcorepathprocessing.code.tex
File: pgfcorepathprocessing.code.tex 2020/01/08 v3.1.5b (3.1.5b)
)
(/nix/store/inwrjgx8a0ms6cn7inncr1anjiz8i6i3-texlive-combined-full-2019/share/t
exmf/tex/generic/pgf/basiclayer/pgfcorearrows.code.tex
File: pgfcorearrows.code.tex 2020/01/08 v3.1.5b (3.1.5b)
\pgfarrowsep=\dimen199
)
(/nix/store/inwrjgx8a0ms6cn7inncr1anjiz8i6i3-texlive-combined-full-2019/share/t
exmf/tex/generic/pgf/basiclayer/pgfcoreshade.code.tex
File: pgfcoreshade.code.tex 2020/01/08 v3.1.5b (3.1.5b)
\pgf@max=\dimen256
\pgf@sys@shading@range@num=\count300
\pgf@shadingcount=\count301
)
(/nix/store/inwrjgx8a0ms6cn7inncr1anjiz8i6i3-texlive-combined-full-2019/share/t
exmf/tex/generic/pgf/basiclayer/pgfcoreimage.code.tex
File: pgfcoreimage.code.tex 2020/01/08 v3.1.5b (3.1.5b)

(/nix/store/inwrjgx8a0ms6cn7inncr1anjiz8i6i3-texlive-combined-full-2019/share/t
exmf/tex/generic/pgf/basiclayer/pgfcoreexternal.code.tex
File: pgfcoreexternal.code.tex 2020/01/08 v3.1.5b (3.1.5b)
\pgfexternal@startupbox=\box61
))
(/nix/store/inwrjgx8a0ms6cn7inncr1anjiz8i6i3-texlive-combined-full-2019/share/t
exmf/tex/generic/pgf/basiclayer/pgfcorelayers.code.tex
File: pgfcorelayers.code.tex 2020/01/08 v3.1.5b (3.1.5b)
)
(/nix/store/inwrjgx8a0ms6cn7inncr1anjiz8i6i3-texlive-combined-full-2019/share/t
exmf/tex/generic/pgf/basiclayer/pgfcoretransparency.code.tex
File: pgfcoretransparency.code.tex 2020/01/08 v3.1.5b (3.1.5b)
)
(/nix/store/inwrjgx8a0ms6cn7inncr1anjiz8i6i3-texlive-combined-full-2019/share/t
exmf/tex/generic/pgf/basiclayer/pgfcorepatterns.code.tex
File: pgfcorepatterns.code.tex 2020/01/08 v3.1.5b (3.1.5b)
)
(/nix/store/inwrjgx8a0ms6cn7inncr1anjiz8i6i3-texlive-combined-full-2019/share/t
exmf/tex/generic/pgf/basiclayer/pgfcorerdf.code.tex
File: pgfcorerdf.code.tex 2020/01/08 v3.1.5b (3.1.5b)
)))
(/nix/store/inwrjgx8a0ms6cn7inncr1anjiz8i6i3-texlive-combined-full-2019/share/t
exmf/tex/generic/pgf/modules/pgfmoduleshapes.code.tex
File: pgfmoduleshapes.code.tex 2020/01/08 v3.1.5b (3.1.5b)
\pgfnodeparttextbox=\box62
)
(/nix/store/inwrjgx8a0ms6cn7inncr1anjiz8i6i3-texlive-combined-full-2019/share/t
exmf/tex/generic/pgf/modules/pgfmoduleplot.code.tex
File: pgfmoduleplot.code.tex 2020/01/08 v3.1.5b (3.1.5b)
)
(/nix/store/inwrjgx8a0ms6cn7inncr1anjiz8i6i3-texlive-combined-full-2019/share/t
exmf/tex/latex/pgf/compatibility/pgfcomp-version-0-65.sty
Package: pgfcomp-version-0-65 2020/01/08 v3.1.5b (3.1.5b)
\pgf@nodesepstart=\dimen257
\pgf@nodesepend=\dimen258
)
(/nix/store/inwrjgx8a0ms6cn7inncr1anjiz8i6i3-texlive-combined-full-2019/share/t
exmf/tex/latex/pgf/compatibility/pgfcomp-version-1-18.sty
Package: pgfcomp-version-1-18 2020/01/08 v3.1.5b (3.1.5b)
))
(/nix/store/inwrjgx8a0ms6cn7inncr1anjiz8i6i3-texlive-combined-full-2019/share/t
exmf/tex/latex/pgf/utilities/pgffor.sty
(/nix/store/inwrjgx8a0ms6cn7inncr1anjiz8i6i3-texlive-combined-full-2019/share/t
exmf/tex/latex/pgf/utilities/pgfkeys.sty
(/nix/store/inwrjgx8a0ms6cn7inncr1anjiz8i6i3-texlive-combined-full-2019/share/t
exmf/tex/generic/pgf/utilities/pgfkeys.code.tex))
(/nix/store/inwrjgx8a0ms6cn7inncr1anjiz8i6i3-texlive-combined-full-2019/share/t
exmf/tex/latex/pgf/math/pgfmath.sty
(/nix/store/inwrjgx8a0ms6cn7inncr1anjiz8i6i3-texlive-combined-full-2019/share/t
exmf/tex/generic/pgf/math/pgfmath.code.tex))
(/nix/store/inwrjgx8a0ms6cn7inncr1anjiz8i6i3-texlive-combined-full-2019/share/t
exmf/tex/generic/pgf/utilities/pgffor.code.tex
Package: pgffor 2020/01/08 v3.1.5b (3.1.5b)

(/nix/store/inwrjgx8a0ms6cn7inncr1anjiz8i6i3-texlive-combined-full-2019/share/t
exmf/tex/generic/pgf/math/pgfmath.code.tex)
\pgffor@iter=\dimen259
\pgffor@skip=\dimen260
\pgffor@stack=\toks42
\pgffor@toks=\toks43
))
(/nix/store/inwrjgx8a0ms6cn7inncr1anjiz8i6i3-texlive-combined-full-2019/share/t
exmf/tex/generic/pgf/frontendlayer/tikz/tikz.code.tex
Package: tikz 2020/01/08 v3.1.5b (3.1.5b)

(/nix/store/inwrjgx8a0ms6cn7inncr1anjiz8i6i3-texlive-combined-full-2019/share/t
exmf/tex/generic/pgf/libraries/pgflibraryplothandlers.code.tex
File: pgflibraryplothandlers.code.tex 2020/01/08 v3.1.5b (3.1.5b)
\pgf@plot@mark@count=\count302
\pgfplotmarksize=\dimen261
)
\tikz@lastx=\dimen262
\tikz@lasty=\dimen263
\tikz@lastxsaved=\dimen264
\tikz@lastysaved=\dimen265
\tikz@lastmovetox=\dimen266
\tikz@lastmovetoy=\dimen267
\tikzleveldistance=\dimen268
\tikzsiblingdistance=\dimen269
\tikz@figbox=\box63
\tikz@figbox@bg=\box64
\tikz@tempbox=\box65
\tikz@tempbox@bg=\box66
\tikztreelevel=\count303
\tikznumberofchildren=\count304
\tikznumberofcurrentchild=\count305
\tikz@fig@count=\count306

(/nix/store/inwrjgx8a0ms6cn7inncr1anjiz8i6i3-texlive-combined-full-2019/share/t
exmf/tex/generic/pgf/modules/pgfmodulematrix.code.tex
File: pgfmodulematrix.code.tex 2020/01/08 v3.1.5b (3.1.5b)
\pgfmatrixcurrentrow=\count307
\pgfmatrixcurrentcolumn=\count308
\pgf@matrix@numberofcolumns=\count309
)
\tikz@expandcount=\count310

(/nix/store/inwrjgx8a0ms6cn7inncr1anjiz8i6i3-texlive-combined-full-2019/share/t
exmf/tex/generic/pgf/frontendlayer/tikz/libraries/tikzlibrarytopaths.code.tex
File: tikzlibrarytopaths.code.tex 2020/01/08 v3.1.5b (3.1.5b)
)))
(/nix/store/inwrjgx8a0ms6cn7inncr1anjiz8i6i3-texlive-combined-full-2019/share/t
exmf/tex/generic/pgf/frontendlayer/tikz/libraries/tikzlibrarymatrix.code.tex
File: tikzlibrarymatrix.code.tex 2020/01/08 v3.1.5b (3.1.5b)
)
(/nix/store/inwrjgx8a0ms6cn7inncr1anjiz8i6i3-texlive-combined-full-2019/share/t
exmf/tex/generic/pgf/frontendlayer/tikz/libraries/tikzlibraryarrows.code.tex
File: tikzlibraryarrows.code.tex 2020/01/08 v3.1.5b (3.1.5b)

(/nix/store/inwrjgx8a0ms6cn7inncr1anjiz8i6i3-texlive-combined-full-2019/share/t
exmf/tex/generic/pgf/libraries/pgflibraryarrows.code.tex
File: pgflibraryarrows.code.tex 2020/01/08 v3.1.5b (3.1.5b)
\arrowsize=\dimen270
))
(/nix/store/inwrjgx8a0ms6cn7inncr1anjiz8i6i3-texlive-combined-full-2019/share/t
exmf/tex/generic/pgf/frontendlayer/tikz/libraries/tikzlibrarydecorations.pathmo
rphing.code.tex
(/nix/store/inwrjgx8a0ms6cn7inncr1anjiz8i6i3-texlive-combined-full-2019/share/t
exmf/tex/generic/pgf/frontendlayer/tikz/libraries/tikzlibrarydecorations.code.t
ex
(/nix/store/inwrjgx8a0ms6cn7inncr1anjiz8i6i3-texlive-combined-full-2019/share/t
exmf/tex/generic/pgf/modules/pgfmoduledecorations.code.tex
\pgfdecoratedcompleteddistance=\dimen271
\pgfdecoratedremainingdistance=\dimen272
\pgfdecoratedinputsegmentcompleteddistance=\dimen273
\pgfdecoratedinputsegmentremainingdistance=\dimen274
\pgf@decorate@distancetomove=\dimen275
\pgf@decorate@repeatstate=\count311
\pgfdecorationsegmentamplitude=\dimen276
\pgfdecorationsegmentlength=\dimen277
)
\tikz@lib@dec@box=\box67
)
(/nix/store/inwrjgx8a0ms6cn7inncr1anjiz8i6i3-texlive-combined-full-2019/share/t
exmf/tex/generic/pgf/libraries/decorations/pgflibrarydecorations.pathmorphing.c
ode.tex))
(/nix/store/inwrjgx8a0ms6cn7inncr1anjiz8i6i3-texlive-combined-full-2019/share/t
exmf/tex/latex/tikz-cd/tikz-cd.sty
Package: tikz-cd 2018/11/19 v0.9f Commutative diagrams with TikZ

(/nix/store/inwrjgx8a0ms6cn7inncr1anjiz8i6i3-texlive-combined-full-2019/share/t
exmf/tex/generic/tikz-cd/tikzlibrarycd.code.tex
(/nix/store/inwrjgx8a0ms6cn7inncr1anjiz8i6i3-texlive-combined-full-2019/share/t
exmf/tex/generic/pgf/frontendlayer/tikz/libraries/tikzlibraryquotes.code.tex
File: tikzlibraryquotes.code.tex 2020/01/08 v3.1.5b (3.1.5b)
)
(/nix/store/inwrjgx8a0ms6cn7inncr1anjiz8i6i3-texlive-combined-full-2019/share/t
exmf/tex/generic/pgf/libraries/pgflibraryarrows.meta.code.tex
File: pgflibraryarrows.meta.code.tex 2020/01/08 v3.1.5b (3.1.5b)
\pgfarrowinset=\dimen278
\pgfarrowlength=\dimen279
\pgfarrowwidth=\dimen280
\pgfarrowlinewidth=\dimen281
)))
(/nix/store/inwrjgx8a0ms6cn7inncr1anjiz8i6i3-texlive-combined-full-2019/share/t
exmf/tex/latex/biblatex/biblatex.sty
Package: biblatex 2019/12/01 v3.14 programmable bibliographies (PK/MW)

(/nix/store/inwrjgx8a0ms6cn7inncr1anjiz8i6i3-texlive-combined-full-2019/share/t
exmf/tex/latex/logreq/logreq.sty
Package: logreq 2010/08/04 v1.0 xml request logger
\lrq@indent=\count312

(/nix/store/inwrjgx8a0ms6cn7inncr1anjiz8i6i3-texlive-combined-full-2019/share/t
exmf/tex/latex/logreq/logreq.def
File: logreq.def 2010/08/04 v1.0 logreq spec v1.0
))
(/nix/store/inwrjgx8a0ms6cn7inncr1anjiz8i6i3-texlive-combined-full-2019/share/t
exmf/tex/latex/base/ifthen.sty
Package: ifthen 2014/09/29 v1.1c Standard LaTeX ifthen package (DPC)
)
\c@tabx@nest=\count313
\c@listtotal=\count314
\c@listcount=\count315
\c@liststart=\count316
\c@liststop=\count317
\c@citecount=\count318
\c@citetotal=\count319
\c@multicitecount=\count320
\c@multicitetotal=\count321
\c@instcount=\count322
\c@maxnames=\count323
\c@minnames=\count324
\c@maxitems=\count325
\c@minitems=\count326
\c@citecounter=\count327
\c@maxcitecounter=\count328
\c@savedcitecounter=\count329
\c@uniquelist=\count330
\c@uniquename=\count331
\c@refsection=\count332
\c@refsegment=\count333
\c@maxextratitle=\count334
\c@maxextratitleyear=\count335
\c@maxextraname=\count336
\c@maxextradate=\count337
\c@maxextraalpha=\count338
\c@abbrvpenalty=\count339
\c@highnamepenalty=\count340
\c@lownamepenalty=\count341
\c@maxparens=\count342
\c@parenlevel=\count343
\blx@tempcnta=\count344
\blx@tempcntb=\count345
\blx@tempcntc=\count346
\blx@maxsection=\count347
\blx@maxsegment@0=\count348
\blx@notetype=\count349
\blx@parenlevel@text=\count350
\blx@parenlevel@foot=\count351
\blx@sectionciteorder@0=\count352
\blx@entrysetcounter=\count353
\labelnumberwidth=\skip148
\labelalphawidth=\skip149
\biblabelsep=\skip150
\bibitemsep=\skip151
\bibnamesep=\skip152
\bibinitsep=\skip153
\bibparsep=\skip154
\bibhang=\skip155
\blx@bcfin=\read4
\blx@bcfout=\write4
\blx@langwohyphens=\language85
\c@mincomprange=\count354
\c@maxcomprange=\count355
\c@mincompwidth=\count356
Package biblatex Info: Trying to load biblatex default data model...
Package biblatex Info: ... file 'blx-dm.def' found.

(/nix/store/inwrjgx8a0ms6cn7inncr1anjiz8i6i3-texlive-combined-full-2019/share/t
exmf/tex/latex/biblatex/blx-dm.def
File: blx-dm.def 2019/12/01 v3.14 biblatex localization (PK/MW)
)
Package biblatex Info: Trying to load biblatex style data model...
Package biblatex Info: ... file 'alphabetic.dbx' not found.
Package biblatex Info: Trying to load biblatex custom data model...
Package biblatex Info: ... file 'biblatex-dm.cfg' not found.
\c@afterword=\count357
\c@savedafterword=\count358
\c@annotator=\count359
\c@savedannotator=\count360
\c@author=\count361
\c@savedauthor=\count362
\c@bookauthor=\count363
\c@savedbookauthor=\count364
\c@commentator=\count365
\c@savedcommentator=\count366
\c@editor=\count367
\c@savededitor=\count368
\c@editora=\count369
\c@savededitora=\count370
\c@editorb=\count371
\c@savededitorb=\count372
\c@editorc=\count373
\c@savededitorc=\count374
\c@foreword=\count375
\c@savedforeword=\count376
\c@holder=\count377
\c@savedholder=\count378
\c@introduction=\count379
\c@savedintroduction=\count380
\c@namea=\count381
\c@savednamea=\count382
\c@nameb=\count383
\c@savednameb=\count384
\c@namec=\count385
\c@savednamec=\count386
\c@translator=\count387
\c@savedtranslator=\count388
\c@shortauthor=\count389
\c@savedshortauthor=\count390
\c@shorteditor=\count391
\c@savedshorteditor=\count392
\c@labelname=\count393
\c@savedlabelname=\count394
\c@institution=\count395
\c@savedinstitution=\count396
\c@lista=\count397
\c@savedlista=\count398
\c@listb=\count399
\c@savedlistb=\count400
\c@listc=\count401
\c@savedlistc=\count402
\c@listd=\count403
\c@savedlistd=\count404
\c@liste=\count405
\c@savedliste=\count406
\c@listf=\count407
\c@savedlistf=\count408
\c@location=\count409
\c@savedlocation=\count410
\c@organization=\count411
\c@savedorganization=\count412
\c@origlocation=\count413
\c@savedoriglocation=\count414
\c@origpublisher=\count415
\c@savedorigpublisher=\count416
\c@publisher=\count417
\c@savedpublisher=\count418
\c@language=\count419
\c@savedlanguage=\count420
\c@origlanguage=\count421
\c@savedoriglanguage=\count422
\c@pageref=\count423
\c@savedpageref=\count424
\shorthandwidth=\skip156
\shortjournalwidth=\skip157
\shortserieswidth=\skip158
\shorttitlewidth=\skip159
\shortauthorwidth=\skip160
\shorteditorwidth=\skip161
\locallabelnumberwidth=\skip162
\locallabelalphawidth=\skip163
\localshorthandwidth=\skip164
\localshortjournalwidth=\skip165
\localshortserieswidth=\skip166
\localshorttitlewidth=\skip167
\localshortauthorwidth=\skip168
\localshorteditorwidth=\skip169
Package biblatex Info: Trying to load compatibility code...
Package biblatex Info: ... file 'blx-compat.def' found.

(/nix/store/inwrjgx8a0ms6cn7inncr1anjiz8i6i3-texlive-combined-full-2019/share/t
exmf/tex/latex/biblatex/blx-compat.def
File: blx-compat.def 2019/12/01 v3.14 biblatex compatibility (PK/MW)
)
Package biblatex Info: Trying to load generic definitions...
Package biblatex Info: ... file 'biblatex.def' found.

(/nix/store/inwrjgx8a0ms6cn7inncr1anjiz8i6i3-texlive-combined-full-2019/share/t
exmf/tex/latex/biblatex/biblatex.def
File: biblatex.def 2019/12/01 v3.14 biblatex compatibility (PK/MW)
\c@textcitecount=\count425
\c@textcitetotal=\count426
\c@textcitemaxnames=\count427
\c@biburlbigbreakpenalty=\count428
\c@biburlbreakpenalty=\count429
\c@biburlnumpenalty=\count430
\c@biburlucpenalty=\count431
\c@biburllcpenalty=\count432
\biburlbigskip=\muskip18
\biburlnumskip=\muskip19
\biburlucskip=\muskip20
\biburllcskip=\muskip21
\c@smartand=\count433
)
Package biblatex Info: Trying to load bibliography style 'alphabetic'...
Package biblatex Info: ... file 'alphabetic.bbx' found.

(/nix/store/inwrjgx8a0ms6cn7inncr1anjiz8i6i3-texlive-combined-full-2019/share/t
exmf/tex/latex/biblatex/bbx/alphabetic.bbx
File: alphabetic.bbx 2019/12/01 v3.14 biblatex bibliography style (PK/MW)
Package biblatex Info: Trying to load bibliography style 'standard'...
Package biblatex Info: ... file 'standard.bbx' found.

(/nix/store/inwrjgx8a0ms6cn7inncr1anjiz8i6i3-texlive-combined-full-2019/share/t
exmf/tex/latex/biblatex/bbx/standard.bbx
File: standard.bbx 2019/12/01 v3.14 biblatex bibliography style (PK/MW)
\c@bbx:relatedcount=\count434
\c@bbx:relatedtotal=\count435
))
Package biblatex Info: Trying to load citation style 'alphabetic'...
Package biblatex Info: ... file 'alphabetic.cbx' found.

(/nix/store/inwrjgx8a0ms6cn7inncr1anjiz8i6i3-texlive-combined-full-2019/share/t
exmf/tex/latex/biblatex/cbx/alphabetic.cbx
File: alphabetic.cbx 2019/12/01 v3.14 biblatex citation style (PK/MW)
Package biblatex Info: Redefining '\cite'.
Package biblatex Info: Redefining '\parencite'.
Package biblatex Info: Redefining '\footcite'.
Package biblatex Info: Redefining '\footcitetext'.
Package biblatex Info: Redefining '\smartcite'.
Package biblatex Info: Redefining '\textcite'.
Package biblatex Info: Redefining '\textcites'.
Package biblatex Info: Redefining '\cites'.
Package biblatex Info: Redefining '\parencites'.
Package biblatex Info: Redefining '\smartcites'.
)
Package biblatex Info: Trying to load configuration file...
Package biblatex Info: ... file 'biblatex.cfg' found.

(/nix/store/inwrjgx8a0ms6cn7inncr1anjiz8i6i3-texlive-combined-full-2019/share/t
exmf/tex/latex/biblatex/biblatex.cfg
File: biblatex.cfg 
)

Package biblatex Warning: 'firstinits' option is deprecated.
(biblatex)                Please use 'giveninits' instead.

)
\c@thm=\count436
)

Package biblatex Warning: 'babel/polyglossia' detected but 'csquotes' missing.
(biblatex)                Loading 'csquotes' recommended.

\@quotelevel=\count437
\@quotereset=\count438

LaTeX Warning: Unused global option(s):
    [openany].

No file ass3hct.aux.
\openout1 = `ass3hct.aux'.

LaTeX Font Info:    Checking defaults for OML/cmm/m/it on input line 4.
LaTeX Font Info:    ... okay on input line 4.
LaTeX Font Info:    Checking defaults for OMS/cmsy/m/n on input line 4.
LaTeX Font Info:    ... okay on input line 4.
LaTeX Font Info:    Checking defaults for OT1/cmr/m/n on input line 4.
LaTeX Font Info:    ... okay on input line 4.
LaTeX Font Info:    Checking defaults for T1/cmr/m/n on input line 4.
LaTeX Font Info:    ... okay on input line 4.
LaTeX Font Info:    Checking defaults for TS1/cmr/m/n on input line 4.
LaTeX Font Info:    ... okay on input line 4.
LaTeX Font Info:    Checking defaults for OMX/cmex/m/n on input line 4.
LaTeX Font Info:    ... okay on input line 4.
LaTeX Font Info:    Checking defaults for U/cmr/m/n on input line 4.
LaTeX Font Info:    ... okay on input line 4.
LaTeX Font Info:    Checking defaults for PD1/pdf/m/n on input line 4.
LaTeX Font Info:    ... okay on input line 4.
Package scrbase Info: activating british \contentsname on input line 4.
Package scrbase Info: activating british \listfigurename on input line 4.
Package scrbase Info: activating british \listtablename on input line 4.

(/nix/store/inwrjgx8a0ms6cn7inncr1anjiz8i6i3-texlive-combined-full-2019/share/t
exmf/tex/context/base/mkii/supp-pdf.mkii
[Loading MPS to PDF converter (version 2006.09.02).]
\scratchcounter=\count439
\scratchdimen=\dimen282
\scratchbox=\box68
\nofMPsegments=\count440
\nofMParguments=\count441
\everyMPshowfont=\toks44
\MPscratchCnt=\count442
\MPscratchDim=\dimen283
\MPnumerator=\count443
\makeMPintoPDFobject=\count444
\everyMPtoPDFconversion=\toks45
)
(/nix/store/inwrjgx8a0ms6cn7inncr1anjiz8i6i3-texlive-combined-full-2019/share/t
exmf/tex/latex/epstopdf-pkg/epstopdf-base.sty
Package: epstopdf-base 2020-01-24 v2.11 Base part for package epstopdf
Package epstopdf-base Info: Redefining graphics rule for `.eps' on input line 4
85.

(/nix/store/inwrjgx8a0ms6cn7inncr1anjiz8i6i3-texlive-combined-full-2019/share/t
exmf/tex/latex/latexconfig/epstopdf-sys.cfg
File: epstopdf-sys.cfg 2010/07/13 v1.3 Configuration of (r)epstopdf for TeX Liv
e
))
\AtBeginShipoutBox=\box69
Package hyperref Info: Link coloring OFF on input line 4.

(/nix/store/inwrjgx8a0ms6cn7inncr1anjiz8i6i3-texlive-combined-full-2019/share/t
exmf/tex/latex/hyperref/nameref.sty
Package: nameref 2019/09/16 v2.46 Cross-referencing by name of section

(/nix/store/inwrjgx8a0ms6cn7inncr1anjiz8i6i3-texlive-combined-full-2019/share/t
exmf/tex/latex/refcount/refcount.sty
Package: refcount 2019/12/15 v3.6 Data extraction from label references (HO)
)
(/nix/store/inwrjgx8a0ms6cn7inncr1anjiz8i6i3-texlive-combined-full-2019/share/t
exmf/tex/generic/gettitlestring/gettitlestring.sty
Package: gettitlestring 2019/12/15 v1.6 Cleanup title references (HO)
)
\c@section@level=\count445
)
LaTeX Info: Redefining \ref on input line 4.
LaTeX Info: Redefining \pageref on input line 4.
LaTeX Info: Redefining \nameref on input line 4.
\@outlinefile=\write5
\openout5 = `ass3hct.out'.

Class scrartcl Info: loading recommended package `bookmark'.
(scrartcl)           Using `bookmark' together with `hyperref' is recommended,
(scrartcl)           because of handling of possible bookmark level gaps.
(scrartcl)           You can avoid loading `bookmark' with KOMA-Script option
(scrartcl)           `bookmarkpackage=false' before \begin{document} and
(scrartcl)           you can avoid this message adding:
(scrartcl)             \usepackage{bookmark}
(scrartcl)           before \begin{document} on input line 4.

(/nix/store/inwrjgx8a0ms6cn7inncr1anjiz8i6i3-texlive-combined-full-2019/share/t
exmf/tex/latex/bookmark/bookmark.sty
Package: bookmark 2019/12/03 v1.28 PDF bookmarks (HO)

(/nix/store/inwrjgx8a0ms6cn7inncr1anjiz8i6i3-texlive-combined-full-2019/share/t
exmf/tex/latex/bookmark/bkm-pdftex.def
File: bkm-pdftex.def 2019/12/03 v1.28 bookmark driver for pdfTeX (HO)
Package auxhook Info: \AddLineBeginMainAux comes a little late,
(auxhook)             because the main .aux file is already opened on input lin
e 168.
\BKM@id=\count446
)) ABD: EveryShipout initializing macros
Package biblatex Info: Trying to load language 'british'...
Package biblatex Info: ... file 'british.lbx' found.

(/nix/store/inwrjgx8a0ms6cn7inncr1anjiz8i6i3-texlive-combined-full-2019/share/t
exmf/tex/latex/biblatex/lbx/british.lbx
File: british.lbx 2019/12/01 v3.14 biblatex localization (PK/MW)
Package biblatex Info: Trying to load language 'english'...
Package biblatex Info: ... file 'english.lbx' found.

(/nix/store/inwrjgx8a0ms6cn7inncr1anjiz8i6i3-texlive-combined-full-2019/share/t
exmf/tex/latex/biblatex/lbx/english.lbx
File: english.lbx 2019/12/01 v3.14 biblatex localization (PK/MW)
))
Package biblatex Info: Input encoding 'utf8' detected.
Package biblatex Info: Data encoding 'utf8' specified.
(biblatex)             No need to reencode data.
\openout4 = `ass3hct.bcf'.

Package biblatex Info: Trying to load bibliographic data...
Package biblatex Info: ... file 'ass3hct.bbl' not found.

No file ass3hct.bbl.
Package biblatex Info: Reference section=0 on input line 4.
Package biblatex Info: Reference segment=0 on input line 4.
LaTeX Font Info:    Trying to load font information for T1+lmss on input line 1
1.

(/nix/store/inwrjgx8a0ms6cn7inncr1anjiz8i6i3-texlive-combined-full-2019/share/t
exmf/tex/latex/lm/t1lmss.fd
File: t1lmss.fd 2009/10/30 v1.6 Font defs for Latin Modern
)
LaTeX Font Info:    Trying to load font information for OT1+lmr on input line 1
1.

(/nix/store/inwrjgx8a0ms6cn7inncr1anjiz8i6i3-texlive-combined-full-2019/share/t
exmf/tex/latex/lm/ot1lmr.fd
File: ot1lmr.fd 2009/10/30 v1.6 Font defs for Latin Modern
)
LaTeX Font Info:    Trying to load font information for OML+lmm on input line 1
1.

(/nix/store/inwrjgx8a0ms6cn7inncr1anjiz8i6i3-texlive-combined-full-2019/share/t
exmf/tex/latex/lm/omllmm.fd
File: omllmm.fd 2009/10/30 v1.6 Font defs for Latin Modern
)
LaTeX Font Info:    Trying to load font information for OMS+lmsy on input line 
11.

(/nix/store/inwrjgx8a0ms6cn7inncr1anjiz8i6i3-texlive-combined-full-2019/share/t
exmf/tex/latex/lm/omslmsy.fd
File: omslmsy.fd 2009/10/30 v1.6 Font defs for Latin Modern
)
LaTeX Font Info:    Trying to load font information for OMX+lmex on input line 
11.

(/nix/store/inwrjgx8a0ms6cn7inncr1anjiz8i6i3-texlive-combined-full-2019/share/t
exmf/tex/latex/lm/omxlmex.fd
File: omxlmex.fd 2009/10/30 v1.6 Font defs for Latin Modern
)
LaTeX Font Info:    External font `lmex10' loaded for size
(Font)              <14.4> on input line 11.
LaTeX Font Info:    External font `lmex10' loaded for size
(Font)              <10> on input line 11.
LaTeX Font Info:    External font `lmex10' loaded for size
(Font)              <7> on input line 11.
LaTeX Font Info:    Trying to load font information for U+msa on input line 11.


(/nix/store/inwrjgx8a0ms6cn7inncr1anjiz8i6i3-texlive-combined-full-2019/share/t
exmf/tex/latex/amsfonts/umsa.fd
File: umsa.fd 2013/01/14 v3.01 AMS symbols A
)
LaTeX Font Info:    Trying to load font information for U+msb on input line 11.


(/nix/store/inwrjgx8a0ms6cn7inncr1anjiz8i6i3-texlive-combined-full-2019/share/t
exmf/tex/latex/amsfonts/umsb.fd
File: umsb.fd 2013/01/14 v3.01 AMS symbols B
)
LaTeX Font Info:    Trying to load font information for U+stmry on input line 1
1.

(/nix/store/inwrjgx8a0ms6cn7inncr1anjiz8i6i3-texlive-combined-full-2019/share/t
exmf/tex/latex/stmaryrd/Ustmry.fd)
LaTeX Font Info:    Trying to load font information for U+rsfs on input line 11
.

(/nix/store/inwrjgx8a0ms6cn7inncr1anjiz8i6i3-texlive-combined-full-2019/share/t
exmf/tex/latex/jknapltx/ursfs.fd
File: ursfs.fd 1998/03/24 rsfs font definition file (jk)
)
LaTeX Font Info:    External font `lmex10' loaded for size
(Font)              <10.95> on input line 14.
LaTeX Font Info:    External font `lmex10' loaded for size
(Font)              <8> on input line 14.
LaTeX Font Info:    External font `lmex10' loaded for size
(Font)              <6> on input line 14.
LaTeX Font Info:    Trying to load font information for U+eus on input line 17.


(/nix/store/inwrjgx8a0ms6cn7inncr1anjiz8i6i3-texlive-combined-full-2019/share/t
exmf/tex/latex/amsfonts/ueus.fd
File: ueus.fd 2013/01/14 v3.01 Euler Script
) [1


{/nix/store/inwrjgx8a0ms6cn7inncr1anjiz8i6i3-texlive-combined-full-2019/share/t
exmf-var/fonts/map/pdftex/updmap/pdftex.map}] [2] [3]
Package atveryend Info: Empty hook `BeforeClearDocument' on input line 133.
Package atveryend Info: Empty hook `AfterLastShipout' on input line 133.
 (/home/waifod/math/lectures/hct/ass3hct.aux)
Package atveryend Info: Executing hook `AtVeryEndDocument' on input line 133.
Package atveryend Info: Executing hook `AtEndAfterFileList' on input line 133.


Package rerunfilecheck Warning: File `ass3hct.out' has changed.
(rerunfilecheck)                Rerun to get outlines right
(rerunfilecheck)                or use package `bookmark'.

Package rerunfilecheck Info: Checksums for `ass3hct.out':
(rerunfilecheck)             Before: <no file>
(rerunfilecheck)             After:  D41D8CD98F00B204E9800998ECF8427E;0.

LaTeX Warning: There were undefined references.


Package biblatex Warning: Please (re)run Biber on the file:
(biblatex)                ass3hct
(biblatex)                and rerun LaTeX afterwards.

Package logreq Info: Writing requests to 'ass3hct.run.xml'.
\openout1 = `ass3hct.run.xml'.

 ) 
Here is how much of TeX's memory you used:
 32482 strings out of 480994
 664904 string characters out of 5888644
 1400259 words of memory out of 5000000
 47384 multiletter control sequences out of 15000+600000
 590907 words of font info for 82 fonts, out of 8000000 for 9000
 1141 hyphenation exceptions out of 8191
 73i,15n,107p,10147b,2187s stack positions out of 5000i,500n,10000p,200000b,80000s
{/nix/store/inwrjgx8a0ms6cn7inncr1anjiz8i6i3-texlive-combined-full-2019/share
/texmf/fonts/enc/dvips/lm/lm-rm.enc}{/nix/store/inwrjgx8a0ms6cn7inncr1anjiz8i6i
3-texlive-combined-full-2019/share/texmf/fonts/enc/dvips/lm/lm-mathsy.enc}{/nix
/store/inwrjgx8a0ms6cn7inncr1anjiz8i6i3-texlive-combined-full-2019/share/texmf/
fonts/enc/dvips/lm/lm-mathit.enc}{/nix/store/inwrjgx8a0ms6cn7inncr1anjiz8i6i3-t
exlive-combined-full-2019/share/texmf/fonts/enc/dvips/lm/lm-ec.enc}</nix/store/
inwrjgx8a0ms6cn7inncr1anjiz8i6i3-texlive-combined-full-2019/share/texmf/fonts/t
ype1/public/amsfonts/euler/eusm10.pfb></nix/store/inwrjgx8a0ms6cn7inncr1anjiz8i
6i3-texlive-combined-full-2019/share/texmf/fonts/type1/public/lm/lmbx10.pfb></n
ix/store/inwrjgx8a0ms6cn7inncr1anjiz8i6i3-texlive-combined-full-2019/share/texm
f/fonts/type1/public/lm/lmmi10.pfb></nix/store/inwrjgx8a0ms6cn7inncr1anjiz8i6i3
-texlive-combined-full-2019/share/texmf/fonts/type1/public/lm/lmmi8.pfb></nix/s
tore/inwrjgx8a0ms6cn7inncr1anjiz8i6i3-texlive-combined-full-2019/share/texmf/fo
nts/type1/public/lm/lmr10.pfb></nix/store/inwrjgx8a0ms6cn7inncr1anjiz8i6i3-texl
ive-combined-full-2019/share/texmf/fonts/type1/public/lm/lmr12.pfb></nix/store/
inwrjgx8a0ms6cn7inncr1anjiz8i6i3-texlive-combined-full-2019/share/texmf/fonts/t
ype1/public/lm/lmr8.pfb></nix/store/inwrjgx8a0ms6cn7inncr1anjiz8i6i3-texlive-co
mbined-full-2019/share/texmf/fonts/type1/public/lm/lmri10.pfb></nix/store/inwrj
gx8a0ms6cn7inncr1anjiz8i6i3-texlive-combined-full-2019/share/texmf/fonts/type1/
public/lm/lmssbx10.pfb></nix/store/inwrjgx8a0ms6cn7inncr1anjiz8i6i3-texlive-com
bined-full-2019/share/texmf/fonts/type1/public/lm/lmsy10.pfb></nix/store/inwrjg
x8a0ms6cn7inncr1anjiz8i6i3-texlive-combined-full-2019/share/texmf/fonts/type1/p
ublic/lm/lmsy6.pfb></nix/store/inwrjgx8a0ms6cn7inncr1anjiz8i6i3-texlive-combine
d-full-2019/share/texmf/fonts/type1/public/lm/lmsy8.pfb>
Output written on /home/waifod/math/lectures/hct/ass3hct.pdf (3 pages, 168592 b
ytes).
PDF statistics:
 80 PDF objects out of 1000 (max. 8388607)
 62 compressed objects within 1 object stream
 4 named destinations out of 1000 (max. 500000)
 13 words of extra memory for PDF output out of 10000 (max. 10000000)

